Added Component: Designator=C1(RAD-0.3)
Added Component: Designator=C2(RAD-0.3)
Added Component: Designator=C3(RAD-0.3)
Added Component: Designator=C4(RAD-0.3)
Added Component: Designator=C5(RAD-0.3)
Added Component: Designator=C6(RAD-0.3)
Added Component: Designator=C7(RAD-0.3)
Added Component: Designator=C8(RAD-0.3)
Added Component: Designator=C9(RAD-0.3)
Added Component: Designator=Cin(RAD-0.3)
Added Component: Designator=COUT(RAD-0.3)
Added Component: Designator=D1(DSO-C2/D5.6)
Added Component: Designator=D2(DSO-C2/D5.6)
Added Component: Designator=D3(DSO-C2/D5.6)
Added Component: Designator=D4(DSO-C2/D5.6)
Added Component: Designator=D5(DSO-C2/D5.6)
Added Component: Designator=D6(DSO-C2/D5.6)
Added Component: Designator=D7(DSO-C2/D5.6)
Added Component: Designator=J1(629004113921)
Added Component: Designator=L1(INDC1005AL)
Added Component: Designator=R1(RESC1608L)
Added Component: Designator=R2(RESC1608L)
Added Component: Designator=R3(RESC1608L)
Added Component: Designator=R4(RESC1608L)
Added Component: Designator=R5(RESC1608L)
Added Component: Designator=R6(RESC1608L)
Added Component: Designator=R7(RESC1608L)
Added Component: Designator=R8(RESC1608L)
Added Component: Designator=R9(RESC1608L)
Added Component: Designator=S1(TL36WW15050)
Added Component: Designator=U1(TSSOP50P2000X120-48N)
Added Component: Designator=U2(QFN50P800X800X100-56N)
Added Component: Designator=U3(USON)
Added Component: Designator=Y1(BCY-W2/D3.1)
Added Pin To Net: NetName=ALE Pin=U1-17
Added Pin To Net: NetName=ALE Pin=U2-34
Added Net: Name=ALE
Added Pin To Net: NetName=CE Pin=U1-9
Added Pin To Net: NetName=CE Pin=U2-45
Added Net: Name=CE
Added Pin To Net: NetName=CLE Pin=U1-16
Added Pin To Net: NetName=CLE Pin=U2-33
Added Net: Name=CLE
Added Pin To Net: NetName=DD0 Pin=U1-29
Added Pin To Net: NetName=DD0 Pin=U2-18
Added Net: Name=DD0
Added Pin To Net: NetName=DD1 Pin=U2-19
Added Net: Name=DD1
Added Pin To Net: NetName=DD2 Pin=U1-31
Added Pin To Net: NetName=DD2 Pin=U2-20
Added Net: Name=DD2
Added Pin To Net: NetName=DD3 Pin=U1-32
Added Pin To Net: NetName=DD3 Pin=U2-21
Added Net: Name=DD3
Added Pin To Net: NetName=DD4 Pin=U1-41
Added Pin To Net: NetName=DD4 Pin=U2-22
Added Net: Name=DD4
Added Pin To Net: NetName=DD5 Pin=U1-42
Added Net: Name=DD5
Added Pin To Net: NetName=DD6 Pin=U1-43
Added Pin To Net: NetName=DD6 Pin=U2-24
Added Net: Name=DD6
Added Pin To Net: NetName=DD7 Pin=U1-44
Added Pin To Net: NetName=DD7 Pin=U2-25
Added Net: Name=DD7
Added Pin To Net: NetName=DMINUS Pin=J1-2
Added Pin To Net: NetName=DMINUS Pin=U2-9
Added Net: Name=DMINUS
Added Pin To Net: NetName=DPLUS Pin=J1-3
Added Pin To Net: NetName=DPLUS Pin=U2-8
Added Net: Name=DPLUS
Added Pin To Net: NetName=GND Pin=C1-1
Added Pin To Net: NetName=GND Pin=C2-1
Added Pin To Net: NetName=GND Pin=C3-1
Added Pin To Net: NetName=GND Pin=C4-1
Added Pin To Net: NetName=GND Pin=C5-1
Added Pin To Net: NetName=GND Pin=C6-1
Added Pin To Net: NetName=GND Pin=C7-1
Added Pin To Net: NetName=GND Pin=C8-1
Added Pin To Net: NetName=GND Pin=C9-1
Added Pin To Net: NetName=GND Pin=Cin-2
Added Pin To Net: NetName=GND Pin=COUT-1
Added Pin To Net: NetName=GND Pin=J1-4
Added Pin To Net: NetName=GND Pin=S1-1
Added Pin To Net: NetName=GND Pin=S1-2
Added Pin To Net: NetName=GND Pin=U1-2
Added Pin To Net: NetName=GND Pin=U1-13
Added Pin To Net: NetName=GND Pin=U1-23
Added Pin To Net: NetName=GND Pin=U1-25
Added Pin To Net: NetName=GND Pin=U1-36
Added Pin To Net: NetName=GND Pin=U1-48
Added Pin To Net: NetName=GND Pin=U2-6
Added Pin To Net: NetName=GND Pin=U2-10
Added Pin To Net: NetName=GND Pin=U2-12
Added Pin To Net: NetName=GND Pin=U2-14
Added Pin To Net: NetName=GND Pin=U2-26
Added Pin To Net: NetName=GND Pin=U2-28
Added Pin To Net: NetName=GND Pin=U2-41
Added Pin To Net: NetName=GND Pin=U2-53
Added Pin To Net: NetName=GND Pin=U2-56
Added Pin To Net: NetName=GND Pin=U3-3
Added Pin To Net: NetName=GND Pin=U3-6
Added Net: Name=GND
Added Pin To Net: NetName=NetD1_2 Pin=D1-2
Added Pin To Net: NetName=NetD1_2 Pin=R1-2
Added Net: Name=NetD1_2
Added Pin To Net: NetName=NetD2_2 Pin=D2-2
Added Pin To Net: NetName=NetD2_2 Pin=R2-2
Added Net: Name=NetD2_2
Added Pin To Net: NetName=NetD3_2 Pin=D3-2
Added Pin To Net: NetName=NetD3_2 Pin=R3-2
Added Net: Name=NetD3_2
Added Pin To Net: NetName=NetD4_2 Pin=D4-2
Added Pin To Net: NetName=NetD4_2 Pin=R4-2
Added Net: Name=NetD4_2
Added Pin To Net: NetName=NetD5_2 Pin=D5-2
Added Pin To Net: NetName=NetD5_2 Pin=R5-2
Added Net: Name=NetD5_2
Added Pin To Net: NetName=NetD6_2 Pin=D6-2
Added Pin To Net: NetName=NetD6_2 Pin=R6-2
Added Net: Name=NetD6_2
Added Pin To Net: NetName=NetD7_2 Pin=D7-2
Added Pin To Net: NetName=NetD7_2 Pin=R7-2
Added Net: Name=NetD7_2
Added Pin To Net: NetName=NetL1_1 Pin=L1-1
Added Pin To Net: NetName=NetL1_1 Pin=U3-4
Added Net: Name=NetL1_1
Added Pin To Net: NetName=NetR1_1 Pin=R1-1
Added Pin To Net: NetName=NetR1_1 Pin=U2-47
Added Net: Name=NetR1_1
Added Pin To Net: NetName=NetR2_1 Pin=R2-1
Added Pin To Net: NetName=NetR2_1 Pin=U2-48
Added Net: Name=NetR2_1
Added Pin To Net: NetName=NetR3_1 Pin=R3-1
Added Pin To Net: NetName=NetR3_1 Pin=U2-49
Added Net: Name=NetR3_1
Added Pin To Net: NetName=NetR4_1 Pin=R4-1
Added Pin To Net: NetName=NetR4_1 Pin=U2-50
Added Net: Name=NetR4_1
Added Pin To Net: NetName=NetR5_1 Pin=R5-1
Added Pin To Net: NetName=NetR5_1 Pin=U2-51
Added Net: Name=NetR5_1
Added Pin To Net: NetName=NetR6_1 Pin=R6-1
Added Pin To Net: NetName=NetR6_1 Pin=U2-35
Added Net: Name=NetR6_1
Added Pin To Net: NetName=NetR7_1 Pin=R7-1
Added Pin To Net: NetName=NetR7_1 Pin=U2-36
Added Net: Name=NetR7_1
Added Pin To Net: NetName=NetR8_2 Pin=R8-2
Added Pin To Net: NetName=NetR8_2 Pin=U2-15
Added Net: Name=NetR8_2
Added Pin To Net: NetName=NetR9_2 Pin=R9-2
Added Pin To Net: NetName=NetR9_2 Pin=U2-16
Added Net: Name=NetR9_2
Added Pin To Net: NetName=NetS1_3 Pin=S1-3
Added Pin To Net: NetName=NetS1_3 Pin=U2-38
Added Net: Name=NetS1_3
Added Pin To Net: NetName=R/B Pin=U1-7
Added Pin To Net: NetName=R/B Pin=U2-1
Added Net: Name=R/B
Added Pin To Net: NetName=RE Pin=U1-8
Added Pin To Net: NetName=RE Pin=U2-30
Added Net: Name=RE
Added Pin To Net: NetName=V3_3 Pin=C5-2
Added Pin To Net: NetName=V3_3 Pin=C6-2
Added Pin To Net: NetName=V3_3 Pin=C7-2
Added Pin To Net: NetName=V3_3 Pin=C8-2
Added Pin To Net: NetName=V3_3 Pin=C9-2
Added Pin To Net: NetName=V3_3 Pin=COUT-2
Added Pin To Net: NetName=V3_3 Pin=D1-1
Added Pin To Net: NetName=V3_3 Pin=D2-1
Added Pin To Net: NetName=V3_3 Pin=D3-1
Added Pin To Net: NetName=V3_3 Pin=D4-1
Added Pin To Net: NetName=V3_3 Pin=D5-1
Added Pin To Net: NetName=V3_3 Pin=D6-1
Added Pin To Net: NetName=V3_3 Pin=D7-1
Added Pin To Net: NetName=V3_3 Pin=L1-2
Added Pin To Net: NetName=V3_3 Pin=R8-1
Added Pin To Net: NetName=V3_3 Pin=R9-1
Added Pin To Net: NetName=V3_3 Pin=U1-12
Added Pin To Net: NetName=V3_3 Pin=U1-24
Added Pin To Net: NetName=V3_3 Pin=U1-34
Added Pin To Net: NetName=V3_3 Pin=U1-37
Added Pin To Net: NetName=V3_3 Pin=U1-38
Added Pin To Net: NetName=V3_3 Pin=U2-3
Added Pin To Net: NetName=V3_3 Pin=U2-7
Added Pin To Net: NetName=V3_3 Pin=U2-11
Added Pin To Net: NetName=V3_3 Pin=U2-17
Added Pin To Net: NetName=V3_3 Pin=U2-27
Added Pin To Net: NetName=V3_3 Pin=U2-32
Added Pin To Net: NetName=V3_3 Pin=U2-43
Added Pin To Net: NetName=V3_3 Pin=U2-55
Added Pin To Net: NetName=V3_3 Pin=U3-5
Added Net: Name=V3_3
Added Pin To Net: NetName=V5 Pin=C3-2
Added Pin To Net: NetName=V5 Pin=C4-2
Added Pin To Net: NetName=V5 Pin=Cin-1
Added Pin To Net: NetName=V5 Pin=J1-1
Added Pin To Net: NetName=V5 Pin=U3-1
Added Pin To Net: NetName=V5 Pin=U3-2
Added Net: Name=V5
Added Pin To Net: NetName=WE Pin=U1-18
Added Pin To Net: NetName=WE Pin=U2-29
Added Net: Name=WE
Added Pin To Net: NetName=WP Pin=U1-19
Added Pin To Net: NetName=WP Pin=U2-37
Added Net: Name=WP
Added Pin To Net: NetName=XTALN Pin=C1-2
Added Pin To Net: NetName=XTALN Pin=U2-4
Added Pin To Net: NetName=XTALN Pin=Y1-1
Added Net: Name=XTALN
Added Pin To Net: NetName=XTALP Pin=C2-2
Added Pin To Net: NetName=XTALP Pin=U2-5
Added Pin To Net: NetName=XTALP Pin=Y1-2
Added Net: Name=XTALP
Added Member To Class: ClassName=Sheet1 Member=Component C1 Cap
Added Member To Class: ClassName=Sheet1 Member=Component C2 Cap
Added Member To Class: ClassName=Sheet1 Member=Component C3 Cap
Added Member To Class: ClassName=Sheet1 Member=Component C4 Cap
Added Member To Class: ClassName=Sheet1 Member=Component C5 Cap
Added Member To Class: ClassName=Sheet1 Member=Component C6 Cap
Added Member To Class: ClassName=Sheet1 Member=Component C7 Cap
Added Member To Class: ClassName=Sheet1 Member=Component C8 Cap
Added Member To Class: ClassName=Sheet1 Member=Component C9 Cap
Added Member To Class: ClassName=Sheet1 Member=Component Cin Cap
Added Member To Class: ClassName=Sheet1 Member=Component COUT Cap
Added Member To Class: ClassName=Sheet1 Member=Component D1 LED3
Added Member To Class: ClassName=Sheet1 Member=Component D2 LED3
Added Member To Class: ClassName=Sheet1 Member=Component D3 LED3
Added Member To Class: ClassName=Sheet1 Member=Component D4 LED3
Added Member To Class: ClassName=Sheet1 Member=Component D5 LED3
Added Member To Class: ClassName=Sheet1 Member=Component D6 LED3
Added Member To Class: ClassName=Sheet1 Member=Component D7 LED3
Added Member To Class: ClassName=Sheet1 Member=Component J1 629004113921
Added Member To Class: ClassName=Sheet1 Member=Component L1 Inductor
Added Member To Class: ClassName=Sheet1 Member=Component R1 Res3
Added Member To Class: ClassName=Sheet1 Member=Component R2 Res3
Added Member To Class: ClassName=Sheet1 Member=Component R3 Res3
Added Member To Class: ClassName=Sheet1 Member=Component R4 Res3
Added Member To Class: ClassName=Sheet1 Member=Component R5 Res3
Added Member To Class: ClassName=Sheet1 Member=Component R6 Res3
Added Member To Class: ClassName=Sheet1 Member=Component R7 Res3
Added Member To Class: ClassName=Sheet1 Member=Component R8 Res3
Added Member To Class: ClassName=Sheet1 Member=Component R9 Res3
Added Member To Class: ClassName=Sheet1 Member=Component S1 SW-SPDT
Added Member To Class: ClassName=Sheet1 Member=Component U1 32GB memory
Added Member To Class: ClassName=Sheet1 Member=Component U2 Memory Controller
Added Member To Class: ClassName=Sheet1 Member=Component U3 Voltage converter
Added Member To Class: ClassName=Sheet1 Member=Component Y1 XTAL
Added Room: Name=Sheet1
