Added Component: Designator=D1(DSO-C2/D5.6)
Added Component: Designator=D2(DSO-C2/D5.6)
Added Component: Designator=D3(DSO-C2/D5.6)
Added Component: Designator=D4(DSO-C2/D5.6)
Added Component: Designator=D5(DSO-C2/D5.6)
Added Component: Designator=D6(DSO-C2/D5.6)
Added Component: Designator=D7(DSO-C2/D5.6)
Added Component: Designator=J1(629004113921)
Added Component: Designator=S?(TL36WW15050)
Added Component: Designator=U1(TSSOP50P2000X120-48N)
Added Component: Designator=U2(QFN50P800X800X100-56N)
Added Component: Designator=U?(USON)
Added Component: Designator=Y1(BCY-W2/D3.1)
Added Member To Class: ClassName=Sheet1 Member=Component D1 LED3
Added Member To Class: ClassName=Sheet1 Member=Component D2 LED3
Added Member To Class: ClassName=Sheet1 Member=Component D3 LED3
Added Member To Class: ClassName=Sheet1 Member=Component D4 LED3
Added Member To Class: ClassName=Sheet1 Member=Component D5 LED3
Added Member To Class: ClassName=Sheet1 Member=Component D6 LED3
Added Member To Class: ClassName=Sheet1 Member=Component D7 LED3
Added Member To Class: ClassName=Sheet1 Member=Component J1 629004113921
Added Member To Class: ClassName=Sheet1 Member=Component S? SW-SPDT
Added Member To Class: ClassName=Sheet1 Member=Component U1 32GB memory
Added Member To Class: ClassName=Sheet1 Member=Component U2 Memory Controller
Added Member To Class: ClassName=Sheet1 Member=Component U? Voltage converter
Added Member To Class: ClassName=Sheet1 Member=Component Y1 XTAL
Added Room: Name=Sheet1
